{"numFailedTestSuites":1,"numFailedTests":2,"numPassedTestSuites":0,"numPassedTests":0,"numPendingTestSuites":0,"numPendingTests":0,"numRuntimeErrorTestSuites":0,"numTodoTests":0,"numTotalTestSuites":1,"numTotalTests":2,"openHandles":[],"snapshot":{"added":0,"didUpdate":false,"failure":false,"filesAdded":0,"filesRemoved":0,"filesRemovedList":[],"filesUnmatched":0,"filesUpdated":0,"matched":0,"total":0,"unchecked":0,"uncheckedKeysByFile":[],"unmatched":0,"updated":0},"startTime":1770018325823,"success":false,"testResults":[{"assertionResults":[{"ancestorTitles":["api backend"],"duration":4013,"failureDetails":[{"name":"TSError","diagnosticText":"\u001b[96msrc/api/backend.ts\u001b[0m:\u001b[93m8\u001b[0m:\u001b[93m11\u001b[0m - \u001b[91merror\u001b[0m\u001b[90m TS1343: \u001b[0mThe 'import.meta' meta-property is only allowed when the '--module' option is 'es2020', 'es2022', 'esnext', 'system', 'node16', 'node18', 'node20', or 'nodenext'.\n\n\u001b[7m8\u001b[0m   return (import.meta as ImportMeta & {\n\u001b[7m \u001b[0m \u001b[91m          ~~~~~~~~~~~\u001b[0m\n","diagnosticCodes":[1343]}],"failureMessages":[""],"fullName":"api backend uses process env base url when provided","invocations":1,"location":null,"numPassingAsserts":0,"retryReasons":[],"status":"failed","title":"uses process env base url when provided"},{"ancestorTitles":["api backend"],"duration":8,"failureDetails":[{"name":"TSError","diagnosticText":"\u001b[96msrc/api/backend.ts\u001b[0m:\u001b[93m8\u001b[0m:\u001b[93m11\u001b[0m - \u001b[91merror\u001b[0m\u001b[90m TS1343: \u001b[0mThe 'import.meta' meta-property is only allowed when the '--module' option is 'es2020', 'es2022', 'esnext', 'system', 'node16', 'node18', 'node20', or 'nodenext'.\n\n\u001b[7m8\u001b[0m   return (import.meta as ImportMeta & {\n\u001b[7m \u001b[0m \u001b[91m          ~~~~~~~~~~~\u001b[0m\n","diagnosticCodes":[1343]}],"failureMessages":[""],"fullName":"api backend falls back to localhost when env is missing","invocations":1,"location":null,"numPassingAsserts":0,"retryReasons":[],"status":"failed","title":"falls back to localhost when env is missing"}],"endTime":1770018335658,"message":"  ● api backend › uses process env base url when provided\n\n\n\n\n\n  ● api backend › falls back to localhost when env is missing\n\n\n\n\n","name":"D:\\ProjectTest\\payment-test\\frontend\\tests\\api\\backend.test.ts","startTime":1770018326929,"status":"failed","summary":""}],"wasInterrupted":false}
